Performing C SOURCE FILE Test CMAKE_HAVE_LIBC_PTHREAD failed with the following output:
Change Dir: /home/fillinmar/techno-ih2/build/CMakeFiles/CMakeTmp

Run Build Command(s):/usr/bin/make cmTC_96dca/fast && make[1]: вход в каталог «/home/fillinmar/techno-ih2/build/CMakeFiles/CMakeTmp»
/usr/bin/make -f CMakeFiles/cmTC_96dca.dir/build.make CMakeFiles/cmTC_96dca.dir/build
make[2]: вход в каталог «/home/fillinmar/techno-ih2/build/CMakeFiles/CMakeTmp»
Building C object CMakeFiles/cmTC_96dca.dir/src.c.o
/usr/bin/cc   --coverage -DCMAKE_HAVE_LIBC_PTHREAD   -o CMakeFiles/cmTC_96dca.dir/src.c.o   -c /home/fillinmar/techno-ih2/build/CMakeFiles/CMakeTmp/src.c
Linking C executable cmTC_96dca
/usr/bin/cmake -E cmake_link_script CMakeFiles/cmTC_96dca.dir/link.txt --verbose=1
/usr/bin/cc --coverage -DCMAKE_HAVE_LIBC_PTHREAD    -rdynamic CMakeFiles/cmTC_96dca.dir/src.c.o  -o cmTC_96dca 
/usr/bin/ld: CMakeFiles/cmTC_96dca.dir/src.c.o: в функции «main»:
src.c:(.text+0x6a): неопределённая ссылка на «pthread_create»
/usr/bin/ld: src.c:(.text+0x88): неопределённая ссылка на «pthread_detach»
/usr/bin/ld: src.c:(.text+0xab): неопределённая ссылка на «pthread_join»
collect2: error: ld returned 1 exit status
make[2]: *** [CMakeFiles/cmTC_96dca.dir/build.make:87: cmTC_96dca] Ошибка 1
make[2]: выход из каталога «/home/fillinmar/techno-ih2/build/CMakeFiles/CMakeTmp»
make[1]: *** [Makefile:121: cmTC_96dca/fast] Ошибка 2
make[1]: выход из каталога «/home/fillinmar/techno-ih2/build/CMakeFiles/CMakeTmp»


Source file was:
#include <pthread.h>

void* test_func(void* data)
{
  return data;
}

int main(void)
{
  pthread_t thread;
  pthread_create(&thread, NULL, test_func, NULL);
  pthread_detach(thread);
  pthread_join(thread, NULL);
  pthread_atfork(NULL, NULL, NULL);
  pthread_exit(NULL);

  return 0;
}

Determining if the function pthread_create exists in the pthreads failed with the following output:
Change Dir: /home/fillinmar/techno-ih2/build/CMakeFiles/CMakeTmp

Run Build Command(s):/usr/bin/make cmTC_f6eba/fast && make[1]: вход в каталог «/home/fillinmar/techno-ih2/build/CMakeFiles/CMakeTmp»
/usr/bin/make -f CMakeFiles/cmTC_f6eba.dir/build.make CMakeFiles/cmTC_f6eba.dir/build
make[2]: вход в каталог «/home/fillinmar/techno-ih2/build/CMakeFiles/CMakeTmp»
Building C object CMakeFiles/cmTC_f6eba.dir/CheckFunctionExists.c.o
/usr/bin/cc   --coverage -DCHECK_FUNCTION_EXISTS=pthread_create   -o CMakeFiles/cmTC_f6eba.dir/CheckFunctionExists.c.o   -c /usr/share/cmake-3.16/Modules/CheckFunctionExists.c
Linking C executable cmTC_f6eba
/usr/bin/cmake -E cmake_link_script CMakeFiles/cmTC_f6eba.dir/link.txt --verbose=1
/usr/bin/cc --coverage -DCHECK_FUNCTION_EXISTS=pthread_create    -rdynamic CMakeFiles/cmTC_f6eba.dir/CheckFunctionExists.c.o  -o cmTC_f6eba  -lpthreads 
/usr/bin/ld: невозможно найти -lpthreads
collect2: error: ld returned 1 exit status
make[2]: *** [CMakeFiles/cmTC_f6eba.dir/build.make:87: cmTC_f6eba] Ошибка 1
make[2]: выход из каталога «/home/fillinmar/techno-ih2/build/CMakeFiles/CMakeTmp»
make[1]: *** [Makefile:121: cmTC_f6eba/fast] Ошибка 2
make[1]: выход из каталога «/home/fillinmar/techno-ih2/build/CMakeFiles/CMakeTmp»



